app/build/outputs/logs/manifest-merger-release-report.txt
-- Merging decision tree log ---
manifest
ADDED from src\main\AndroidManifest.xml:1:1-35:12
	package
		ADDED from src\main\AndroidManifest.xml:2:11-34
		INJECTED from src\main\AndroidManifest.xml
		INJECTED from src\main\AndroidManifest.xml
	android:versionName
		ADDED from src\main\AndroidManifest.xml:4:11-36
		INJECTED from src\main\AndroidManifest.xml
		INJECTED from src\main\AndroidManifest.xml
	xmlns:tools
		ADDED from src\main\AndroidManifest.xml:1:70-116
	android:versionCode
		ADDED from src\main\AndroidManifest.xml:3:11-34
		INJECTED from src\main\AndroidManifest.xml
		INJECTED from src\main\AndroidManifest.xml
	xmlns:android
		ADDED from src\main\AndroidManifest.xml:1:11-69
uses-permission#android.permission.INTERNET
ADDED from src\main\AndroidManifest.xml:6:5-67
	android:name
		ADDED from src\main\AndroidManifest.xml:6:22-64
uses-permission#android.permission.SYSTEM_ALERT_WINDOW
ADDED from src\main\AndroidManifest.xml:7:5-77
MERGED from [com.facebook.react:react-native:0.51.0] AndroidManifest.xml:11:5-78
	android:name
		ADDED from src\main\AndroidManifest.xml:7:22-75
uses-permission#android.permission.CAMERA
ADDED from src\main\AndroidManifest.xml:8:5-65
MERGED from [ClosetApp:react-native-camera:unspecified] AndroidManifest.xml:11:5-65
	android:name
		ADDED from src\main\AndroidManifest.xml:8:22-62
uses-permission#android.permission.WRITE_EXTERNAL_STORAGE
ADDED from src\main\AndroidManifest.xml:9:5-81
MERGED from [ClosetApp:react-native-fs:unspecified] AndroidManifest.xml:11:5-81
	android:name
		ADDED from src\main\AndroidManifest.xml:9:22-78
uses-sdk
ADDED from src\main\AndroidManifest.xml:11:5-13:41
MERGED from [ClosetApp:realm:unspecified] AndroidManifest.xml:5:5-7:41
MERGED from [ClosetApp:react-native-navigation:unspecified] AndroidManifest.xml:7:5-9:41
MERGED from [com.aurelhubert:ahbottomnavigation:2.0.6] AndroidManifest.xml:7:5-9:41
MERGED from [com.android.support:design:25.3.1] AndroidManifest.xml:21:5-23:62
MERGED from [com.android.support:recyclerview-v7:25.3.1] AndroidManifest.xml:20:5-43
MERGED from [com.android.support:transition:25.3.1] AndroidManifest.xml:20:5-44
MERGED from [com.balysv.materialmenu:material-menu-toolbar:1.5.4] AndroidManifest.xml:8:5-10:41
MERGED from [com.balysv.materialmenu:material-menu:1.5.4] AndroidManifest.xml:8:5-10:41
MERGED from [ClosetApp:react-native-camera:unspecified] AndroidManifest.xml:7:5-9:41
MERGED from [ClosetApp:react-native-fs:unspecified] AndroidManifest.xml:7:5-9:41
MERGED from [com.facebook.react:react-native:0.51.0] AndroidManifest.xml:7:5-9:41
MERGED from [com.android.support:appcompat-v7:25.3.1] AndroidManifest.xml:21:5-23:78
MERGED from [com.android.support:support-v4:25.3.1] AndroidManifest.xml:21:5-23:54
MERGED from [com.android.support:support-fragment:25.3.1] AndroidManifest.xml:21:5-23:60
MERGED from [com.android.support:support-media-compat:25.3.1] AndroidManifest.xml:21:5-23:63
MERGED from [com.android.support:support-core-ui:25.3.1] AndroidManifest.xml:21:5-23:58
MERGED from [com.android.support:support-core-utils:25.3.1] AndroidManifest.xml:21:5-23:61
MERGED from [com.android.support:animated-vector-drawable:25.3.1] AndroidManifest.xml:20:5-44
MERGED from [com.android.support:support-vector-drawable:25.3.1] AndroidManifest.xml:20:5-43
MERGED from [com.android.support:support-compat:25.3.1] AndroidManifest.xml:21:5-23:58
MERGED from [com.facebook.fbui.textlayoutbuilder:textlayoutbuilder:1.0.0] AndroidManifest.xml:14:5-16:41
MERGED from [com.facebook.fresco:fresco:1.3.0] AndroidManifest.xml:5:5-7:41
MERGED from [com.facebook.fresco:drawee:1.3.0] AndroidManifest.xml:5:5-7:41
MERGED from [com.facebook.fresco:imagepipeline-okhttp3:1.3.0] AndroidManifest.xml:5:5-7:41
MERGED from [com.facebook.fresco:imagepipeline:1.3.0] AndroidManifest.xml:5:5-7:41
MERGED from [com.facebook.fresco:imagepipeline-base:1.3.0] AndroidManifest.xml:5:5-7:41
MERGED from [com.facebook.fresco:fbcore:1.3.0] AndroidManifest.xml:5:5-7:41
MERGED from [com.facebook.soloader:soloader:0.1.0] AndroidManifest.xml:2:3-70
	tools:overrideLibrary
		ADDED from [com.android.support:design:25.3.1] AndroidManifest.xml:23:9-59
	android:targetSdkVersion
		ADDED from src\main\AndroidManifest.xml:13:9-38
		INJECTED from src\main\AndroidManifest.xml
		INJECTED from src\main\AndroidManifest.xml
	android:minSdkVersion
		ADDED from src\main\AndroidManifest.xml:12:9-35
		INJECTED from src\main\AndroidManifest.xml
		INJECTED from src\main\AndroidManifest.xml
application
ADDED from src\main\AndroidManifest.xml:15:5-33:19
MERGED from [ClosetApp:realm:unspecified] AndroidManifest.xml:9:5-20
MERGED from [ClosetApp:react-native-navigation:unspecified] AndroidManifest.xml:11:5-18:19
MERGED from [com.aurelhubert:ahbottomnavigation:2.0.6] AndroidManifest.xml:11:5-20
MERGED from [com.android.support:design:25.3.1] AndroidManifest.xml:29:5-20
MERGED from [com.android.support:transition:25.3.1] AndroidManifest.xml:26:5-20
MERGED from [com.balysv.materialmenu:material-menu-toolbar:1.5.4] AndroidManifest.xml:12:5-20
MERGED from [com.balysv.materialmenu:material-menu:1.5.4] AndroidManifest.xml:12:5-20
MERGED from [com.facebook.react:react-native:0.51.0] AndroidManifest.xml:13:5-20
MERGED from [com.android.support:appcompat-v7:25.3.1] AndroidManifest.xml:29:5-20
MERGED from [com.android.support:support-v4:25.3.1] AndroidManifest.xml:29:5-20
MERGED from [com.android.support:support-fragment:25.3.1] AndroidManifest.xml:29:5-20
MERGED from [com.android.support:support-media-compat:25.3.1] AndroidManifest.xml:29:5-20
MERGED from [com.android.support:support-core-ui:25.3.1] AndroidManifest.xml:29:5-20
MERGED from [com.android.support:support-core-utils:25.3.1] AndroidManifest.xml:29:5-20
MERGED from [com.android.support:animated-vector-drawable:25.3.1] AndroidManifest.xml:26:5-20
MERGED from [com.android.support:support-vector-drawable:25.3.1] AndroidManifest.xml:26:5-20
MERGED from [com.android.support:support-compat:25.3.1] AndroidManifest.xml:29:5-20
MERGED from [com.facebook.soloader:soloader:0.1.0] AndroidManifest.xml:3:3-17
MERGED from [org.webkit:android-jsc:r174650] AndroidManifest.xml:2:3-17
	android:label
		ADDED from src\main\AndroidManifest.xml:18:7-39
	android:allowBackup
		ADDED from src\main\AndroidManifest.xml:17:7-33
	android:icon
		ADDED from src\main\AndroidManifest.xml:19:7-34
	android:theme
		ADDED from src\main\AndroidManifest.xml:20:7-38
	android:name
		ADDED from src\main\AndroidManifest.xml:16:7-38
activity#com.closetapp.MainActivity
ADDED from src\main\AndroidManifest.xml:22:7-31:18
	android:label
		ADDED from src\main\AndroidManifest.xml:24:9-41
	android:windowSoftInputMode
		ADDED from src\main\AndroidManifest.xml:26:9-51
	android:configChanges
		ADDED from src\main\AndroidManifest.xml:25:9-79
	android:name
		ADDED from src\main\AndroidManifest.xml:23:9-37
intent-filter#android.intent.action.MAIN+android.intent.category.LAUNCHER
ADDED from src\main\AndroidManifest.xml:27:9-30:25
action#android.intent.action.MAIN
ADDED from src\main\AndroidManifest.xml:28:13-65
	android:name
		ADDED from src\main\AndroidManifest.xml:28:21-62
category#android.intent.category.LAUNCHER
ADDED from src\main\AndroidManifest.xml:29:13-73
	android:name
		ADDED from src\main\AndroidManifest.xml:29:23-70
activity#com.facebook.react.devsupport.DevSettingsActivity
ADDED from src\main\AndroidManifest.xml:32:7-84
MERGED from [ClosetApp:react-native-navigation:unspecified] AndroidManifest.xml:15:9-17:40
	android:exported
		ADDED from [ClosetApp:react-native-navigation:unspecified] AndroidManifest.xml:17:13-37
	android:name
		ADDED from src\main\AndroidManifest.xml:32:17-81
activity#com.reactnativenavigation.controllers.NavigationActivity
ADDED from [ClosetApp:react-native-navigation:unspecified] AndroidManifest.xml:12:9-14:86
	android:configChanges
		ADDED from [ClosetApp:react-native-navigation:unspecified] AndroidManifest.xml:14:13-83
	android:name
		ADDED from [ClosetApp:react-native-navigation:unspecified] AndroidManifest.xml:13:13-84
meta-data#android.support.VERSION
ADDED from [com.android.support:design:25.3.1] AndroidManifest.xml:25:5-27:34
MERGED from [com.android.support:recyclerview-v7:25.3.1] AndroidManifest.xml:22:5-24:34
MERGED from [com.android.support:transition:25.3.1] AndroidManifest.xml:22:5-24:34
MERGED from [com.android.support:appcompat-v7:25.3.1] AndroidManifest.xml:25:5-27:34
MERGED from [com.android.support:support-v4:25.3.1] AndroidManifest.xml:25:5-27:34
MERGED from [com.android.support:support-fragment:25.3.1] AndroidManifest.xml:25:5-27:34
MERGED from [com.android.support:support-media-compat:25.3.1] AndroidManifest.xml:25:5-27:34
MERGED from [com.android.support:support-core-ui:25.3.1] AndroidManifest.xml:25:5-27:34
MERGED from [com.android.support:support-core-utils:25.3.1] AndroidManifest.xml:25:5-27:34
MERGED from [com.android.support:animated-vector-drawable:25.3.1] AndroidManifest.xml:22:5-24:34
MERGED from [com.android.support:support-vector-drawable:25.3.1] AndroidManifest.xml:22:5-24:34
MERGED from [com.android.support:support-compat:25.3.1] AndroidManifest.xml:25:5-27:34
	android:value
		ADDED from [com.android.support:design:25.3.1] AndroidManifest.xml:27:9-31
	android:name
		ADDED from [com.android.support:design:25.3.1] AndroidManifest.xml:26:9-47
uses-feature#android.hardware.camera
ADDED from [ClosetApp:react-native-camera:unspecified] AndroidManifest.xml:13:5-15:36
	android:required
		ADDED from [ClosetApp:react-native-camera:unspecified] AndroidManifest.xml:15:9-33
	android:name
		ADDED from [ClosetApp:react-native-camera:unspecified] AndroidManifest.xml:14:9-47
uses-feature#android.hardware.camera.autofocus
ADDED from [ClosetApp:react-native-camera:unspecified] AndroidManifest.xml:16:5-18:36
	android:required
		ADDED from [ClosetApp:react-native-camera:unspecified] AndroidManifest.xml:18:9-33
	android:name
		ADDED from [ClosetApp:react-native-camera:unspecified] AndroidManifest.xml:17:9-57
uses-permission#android.permission.READ_PHONE_STATE
IMPLIED from src\main\AndroidManifest.xml:1:1-35:12 reason: org.webkit.android_jsc has a targetSdkVersion < 4
uses-permission#android.permission.READ_EXTERNAL_STORAGE
IMPLIED from src\main\AndroidManifest.xml:1:1-35:12 reason: org.webkit.android_jsc requested WRITE_EXTERNAL_STORAGE